<?xml version="1.0" encoding="UTF-8"?>
<!-- Generated by org.testng.reporters.JUnitReportReporter -->
<testsuite hostname="LP95" failures="0" tests="6" name="TestCases.AccountPageTestCases" time="17.860" errors="0" timestamp="2024-04-23T18:45:07 IST" skipped="2">
  <testcase classname="TestCases.AccountPageTestCases" name="test8" time="0.005"/>
  <system-out/>
  <testcase classname="TestCases.AccountPageTestCases" name="test5" time="5.563"/>
  <system-out/>
  <testcase classname="TestCases.AccountPageTestCases" name="test7" time="5.441"/>
  <system-out/>
  <testcase classname="TestCases.AccountPageTestCases" name="test6" time="6.851"/>
  <system-out/>
  <testcase classname="TestCases.AccountPageTestCases" name="test1">
    <skipped/>
  </testcase> <!-- test1 -->
  <system-out/>
  <testcase classname="TestCases.AccountPageTestCases" name="test4">
    <skipped/>
  </testcase> <!-- test4 -->
  <system-out/>
</testsuite> <!-- TestCases.AccountPageTestCases -->
