<?xml version="1.0" encoding="UTF-8"?>
<!-- Generated by org.testng.reporters.JUnitReportReporter -->
<testsuite hostname="LP95" failures="0" tests="8" name="TestCases.OrderingScenario" time="119.626" errors="0" timestamp="2024-05-21T15:42:17 IST" skipped="0">
  <testcase classname="TestCases.OrderingScenario" name="test5" time="16.333"/>
  <testcase classname="TestCases.OrderingScenario" name="test5" time="14.883"/>
  <testcase classname="TestCases.OrderingScenario" name="test5" time="14.512"/>
  <testcase classname="TestCases.OrderingScenario" name="test5" time="15.948"/>
  <testcase classname="TestCases.OrderingScenario" name="test5" time="15.009"/>
  <testcase classname="TestCases.OrderingScenario" name="test5" time="10.850"/>
  <testcase classname="TestCases.OrderingScenario" name="test1" time="14.290"/>
  <testcase classname="TestCases.OrderingScenario" name="test5" time="17.801"/>
</testsuite> <!-- TestCases.OrderingScenario -->
