<?xml version="1.0" encoding="UTF-8"?>
<!-- Generated by org.testng.reporters.JUnitReportReporter -->
<testsuite hostname="LP95" failures="0" tests="1" name="TestCases.ShoopingTestCases" time="5.715" errors="0" timestamp="2024-05-03T11:35:08 IST" skipped="0">
  <testcase classname="TestCases.ShoopingTestCases" name="test3" time="5.715"/>
  <system-out/>
</testsuite> <!-- TestCases.ShoopingTestCases -->
