<?xml version="1.0" encoding="UTF-8"?>
<!-- Generated by org.testng.reporters.JUnitReportReporter -->
<testsuite hostname="LP95" failures="0" tests="1" name="Listners.demo1" time="0.040" errors="0" timestamp="2024-05-24T16:16:53 IST" skipped="0">
  <testcase classname="Listners.demo1" name="ms" time="0.040"/>
</testsuite> <!-- Listners.demo1 -->
