<?xml version="1.0" encoding="UTF-8"?>
<!-- Generated by org.testng.reporters.JUnitReportReporter -->
<testsuite hostname="LP95" failures="0" tests="1" name="TestCases.ShoopingTestCases" time="8.128" errors="0" timestamp="2024-05-16T11:57:07 IST" skipped="0">
  <testcase classname="TestCases.ShoopingTestCases" name="test3" time="8.128"/>
</testsuite> <!-- TestCases.ShoopingTestCases -->
