<?xml version="1.0" encoding="UTF-8"?>
<!-- Generated by org.testng.reporters.JUnitReportReporter -->
<testsuite hostname="LP95" failures="0" tests="1" name="Listners.demolog" time="1.100" errors="0" timestamp="2024-06-03T23:31:13 IST" skipped="0">
  <testcase classname="Listners.demolog" name="test1" time="1.100"/>
</testsuite> <!-- Listners.demolog -->
