<?xml version="1.0" encoding="UTF-8"?>
<!-- Generated by org.testng.reporters.JUnitReportReporter -->
<testsuite hostname="LP95" failures="0" tests="5" name="TestCases.HomePageTestCases" time="8.340" errors="0" timestamp="2024-06-17T13:19:44 IST" skipped="0">
  <testcase classname="TestCases.HomePageTestCases" name="test01" time="0.562"/>
  <testcase classname="TestCases.HomePageTestCases" name="test2" time="6.618"/>
  <testcase classname="TestCases.HomePageTestCases" name="test3" time="0.585"/>
  <testcase classname="TestCases.HomePageTestCases" name="test4" time="0.023"/>
  <testcase classname="TestCases.HomePageTestCases" name="test5" time="0.552"/>
</testsuite> <!-- TestCases.HomePageTestCases -->
