<?xml version="1.0" encoding="UTF-8"?>
<!-- Generated by org.testng.reporters.JUnitReportReporter -->
<testsuite hostname="LP95" failures="0" tests="1" name="Utillities.Listners" time="0.819" errors="0" timestamp="2024-04-24T12:20:00 IST" skipped="0">
  <testcase classname="Utillities.Listners" name="configuration" time="0.819"/>
  <system-out/>
</testsuite> <!-- Utillities.Listners -->
