<?xml version="1.0" encoding="UTF-8"?>
<!-- Generated by org.testng.reporters.JUnitReportReporter -->
<testsuite hostname="LP95" failures="0" tests="5" name="TestCases.HomePageTestCases" time="0.219" errors="0" timestamp="2024-06-05T18:29:15 IST" skipped="4">
  <testcase classname="TestCases.HomePageTestCases" name="test01" time="0.219"/>
  <testcase classname="TestCases.HomePageTestCases" name="test4">
    <skipped/>
  </testcase> <!-- test4 -->
  <testcase classname="TestCases.HomePageTestCases" name="test5">
    <skipped/>
  </testcase> <!-- test5 -->
  <testcase classname="TestCases.HomePageTestCases" name="test2">
    <skipped/>
  </testcase> <!-- test2 -->
  <testcase classname="TestCases.HomePageTestCases" name="test3">
    <skipped/>
  </testcase> <!-- test3 -->
</testsuite> <!-- TestCases.HomePageTestCases -->
