<?xml version="1.0" encoding="UTF-8"?>
<!-- Generated by org.testng.reporters.JUnitReportReporter -->
<testsuite hostname="LP95" failures="0" tests="1" name="TestCases.HomePageTestCases" time="8.690" errors="0" timestamp="2024-05-22T18:35:59 IST" skipped="0">
  <testcase classname="TestCases.HomePageTestCases" name="test5" time="8.690"/>
</testsuite> <!-- TestCases.HomePageTestCases -->
