<?xml version="1.0" encoding="UTF-8"?>
<!-- Generated by org.testng.reporters.JUnitReportReporter -->
<testsuite hostname="LP95" failures="0" tests="5" name="TestCases.OrderingScenario" time="13.091" errors="0" timestamp="2024-06-05T18:29:15 IST" skipped="4">
  <testcase classname="TestCases.OrderingScenario" name="test1" time="13.091"/>
  <testcase classname="TestCases.OrderingScenario" name="test6">
    <skipped/>
  </testcase> <!-- test6 -->
  <testcase classname="TestCases.OrderingScenario" name="test5">
    <skipped/>
  </testcase> <!-- test5 -->
  <testcase classname="TestCases.OrderingScenario" name="test4">
    <skipped/>
  </testcase> <!-- test4 -->
  <testcase classname="TestCases.OrderingScenario" name="calculateprice">
    <skipped/>
  </testcase> <!-- calculateprice -->
</testsuite> <!-- TestCases.OrderingScenario -->
