<?xml version="1.0" encoding="UTF-8"?>
<!-- Generated by org.testng.reporters.JUnitReportReporter -->
<testsuite hostname="LP95" failures="0" tests="8" name="TestCases.OrderingScenario" time="105.536" errors="0" timestamp="2024-05-22T17:17:43 IST" skipped="0">
  <testcase classname="TestCases.OrderingScenario" name="test1" time="15.078"/>
  <testcase classname="TestCases.OrderingScenario" name="test5" time="7.686"/>
  <testcase classname="TestCases.OrderingScenario" name="test5" time="13.680"/>
  <testcase classname="TestCases.OrderingScenario" name="test5" time="13.969"/>
  <testcase classname="TestCases.OrderingScenario" name="test5" time="13.669"/>
  <testcase classname="TestCases.OrderingScenario" name="test5" time="13.534"/>
  <testcase classname="TestCases.OrderingScenario" name="test5" time="13.747"/>
  <testcase classname="TestCases.OrderingScenario" name="test5" time="14.173"/>
</testsuite> <!-- TestCases.OrderingScenario -->
