<?xml version="1.0" encoding="UTF-8"?>
<!-- Generated by org.testng.reporters.JUnitReportReporter -->
<testsuite hostname="LP95" failures="0" tests="11" name="TestCases.OrderingScenario" time="123.448" errors="0" timestamp="2024-06-17T13:44:25 IST" skipped="3">
  <testcase classname="TestCases.OrderingScenario" name="test5" time="13.745"/>
  <testcase classname="TestCases.OrderingScenario" name="test5" time="16.883"/>
  <testcase classname="TestCases.OrderingScenario" name="test5" time="25.212"/>
  <testcase classname="TestCases.OrderingScenario" name="test5" time="16.576"/>
  <testcase classname="TestCases.OrderingScenario" name="test5" time="13.327"/>
  <testcase classname="TestCases.OrderingScenario" name="test1" time="14.374"/>
  <testcase classname="TestCases.OrderingScenario" name="test5" time="8.585"/>
  <testcase classname="TestCases.OrderingScenario" name="test5" time="14.746"/>
  <testcase classname="TestCases.OrderingScenario" name="test4">
    <skipped/>
  </testcase> <!-- test4 -->
  <testcase classname="TestCases.OrderingScenario" name="calculateprice">
    <skipped/>
  </testcase> <!-- calculateprice -->
  <testcase classname="TestCases.OrderingScenario" name="test6">
    <skipped/>
  </testcase> <!-- test6 -->
</testsuite> <!-- TestCases.OrderingScenario -->
