<?xml version="1.0" encoding="UTF-8"?>
<!-- Generated by org.testng.reporters.JUnitReportReporter -->
<testsuite hostname="LP95" failures="0" tests="1" name="TestCases.ShoopingTestCases" time="46.209" errors="0" timestamp="2024-04-24T18:27:13 IST" skipped="0">
  <testcase classname="TestCases.ShoopingTestCases" name="test2" time="46.209"/>
  <system-out/>
</testsuite> <!-- TestCases.ShoopingTestCases -->
