<?xml version="1.0" encoding="UTF-8"?>
<!-- Generated by org.testng.reporters.JUnitReportReporter -->
<testsuite hostname="LP95" failures="0" tests="2" name="TestCases.DEMO" time="14.939" errors="0" timestamp="2024-04-23T12:26:42 IST" skipped="0">
  <testcase classname="TestCases.DEMO" name="test1" time="6.717"/>
  <system-out/>
  <testcase classname="TestCases.DEMO" name="test1" time="8.222"/>
  <system-out/>
</testsuite> <!-- TestCases.DEMO -->
